<?xml version="1.0" encoding="UTF-8"?>
<!-- Generated by org.testng.reporters.JUnitXMLReporter -->
<testsuite ignored="0" hostname="DESKTOP-FUGQNF4" failures="1" tests="6" name="ChromeTest" time="628.875" errors="0" timestamp="2023-09-10T13:40:14 EDT">
  <testcase classname="com.bestbuy.tests.BestBuySignupTest" name="signUpPage" time="84.765"/>
  <testcase classname="com.bestbuy.tests.BestBuyBottomPageTest" name="bottomLinkValidation" time="118.055"/>
  <testcase classname="com.bestbuy.tests.BestBuyMenuTest" name="menuNavigation" time="47.153"/>
  <testcase classname="com.bestbuy.tests.BestBuyAddItemsTest" name="add_Items_toCart" time="193.053">
    <failure type="java.lang.AssertionError">
      <![CDATA[java.lang.AssertionError
at com.bestbuy.utils.Reports.reportStep(Reports.java:72)
at com.bestbuy.utils.SelWrappers.click(SelWrappers.java:150)
at com.bestbuy.pages.BestBuyAddItemsPage.searchAndAddItems(BestBuyAddItemsPage.java:168)
at com.bestbuy.utils.BestWrappers.bestBuyAddItemsToCart(BestWrappers.java:39)
at com.bestbuy.tests.BestBuyAddItemsTest.add_Items_toCart(BestBuyAddItemsTest.java:22)
at java.base/java.util.ArrayList.forEach(ArrayList.java:1511)
... Removed 31 stack frames]]>
    </failure>
  </testcase> <!-- add_Items_toCart -->
  <testcase classname="com.bestbuy.tests.BestBuySignin_NegativeTest" name="signIn_invalidCredentials" time="73.798"/>
  <testcase classname="com.bestbuy.tests.BestBuySearch_NegativeTest" name="signIn_invalidCredentials" time="110.783"/>
</testsuite> <!-- ChromeTest -->
