<!DOCTYPE html PUBLIC "-//W3C//DTD XHTML 1.1//EN" "https://www.w3.org/TR/xhtml11/DTD/xhtml11.dtd">
<html xmlns="https://www.w3.org/1999/xhtml">
<head>
<meta http-equiv="content-type" content="text/html; charset=UTF-8"/>
<title>TestNG Report</title>
<style type="text/css">table {margin-bottom:10px;border-collapse:collapse;empty-cells:show}th,td {border:1px solid #009;padding:.25em .5em}th {vertical-align:bottom}td {vertical-align:top}table a {font-weight:bold}.stripe td {background-color: #E6EBF9}.num {text-align:right}.passedodd td {background-color: #3F3}.passedeven td {background-color: #0A0}.skippedodd td {background-color: #DDD}.skippedeven td {background-color: #CCC}.failedodd td,.attn {background-color: #F33}.failedeven td,.stripe .attn {background-color: #D00}.stacktrace {white-space:pre;font-family:monospace}.totop {font-size:85%;text-align:center;border-bottom:2px solid #000}.invisible {display:none}</style>
</head>
<body>
<table>
<tr><th>Test</th><th># Passed</th><th># Skipped</th><th># Retried</th><th># Failed</th><th>Time (ms)</th><th>Included Groups</th><th>Excluded Groups</th></tr>
<tr><th colspan="8">Suite</th></tr>
<tr><td><a href="#t0">ChromeTest</a></td><td class="num">2</td><td class="num">0</td><td class="num">0</td><td class="num attn">4</td><td class="num">194,762</td><td></td><td></td></tr>
</table>
<table id='summary'><thead><tr><th>Class</th><th>Method</th><th>Start</th><th>Time (ms)</th></tr></thead><tbody><tr><th colspan="4">Suite</th></tr></tbody><tbody id="t0"><tr><th colspan="4">ChromeTest &#8212; failed</th></tr><tr class="failedeven"><td rowspan="1">com.bestbuy.tests.BestBuyAddItemsTest</td><td><a href="#m0">add_Items_toCart</a></td><td rowspan="1">1694327866036</td><td rowspan="1">24990</td></tr><tr class="failedodd"><td rowspan="1">com.bestbuy.tests.BestBuyBottomPageTest</td><td><a href="#m1">bottomLinkValidation</a></td><td rowspan="1">1694327815441</td><td rowspan="1">4826</td></tr><tr class="failedeven"><td rowspan="1">com.bestbuy.tests.BestBuySearch_NegativeTest</td><td><a href="#m2">signIn_invalidCredentials</a></td><td rowspan="1">1694327953802</td><td rowspan="1">14572</td></tr><tr class="failedodd"><td rowspan="1">com.bestbuy.tests.BestBuySignupTest</td><td><a href="#m3">signUpPage</a></td><td rowspan="1">1694327773648</td><td rowspan="1">41659</td></tr><tr><th colspan="4">ChromeTest &#8212; passed</th></tr><tr class="passedeven"><td rowspan="1">com.bestbuy.tests.BestBuyMenuTest</td><td><a href="#m4">menuNavigation</a></td><td rowspan="1">1694327820433</td><td rowspan="1">45337</td></tr><tr class="passedodd"><td rowspan="1">com.bestbuy.tests.BestBuySignin_NegativeTest</td><td><a href="#m5">signIn_invalidCredentials</a></td><td rowspan="1">1694327891162</td><td rowspan="1">62638</td></tr></tbody>
</table>
<h2>ChromeTest</h2><h3 id="m0">com.bestbuy.tests.BestBuyAddItemsTest#add_Items_toCart</h3><table class="result"><tr><th>Exception</th></tr><tr><td><div class="stacktrace">java.lang.AssertionError
	at com.bestbuy.utils.Reports.reportStep(Reports.java:72)
	at com.bestbuy.utils.SelWrappers.typeText(SelWrappers.java:129)
	at com.bestbuy.pages.BestBuyAddItemsPage.searchAndAddItems(BestBuyAddItemsPage.java:128)
	at com.bestbuy.utils.BestWrappers.bestBuyAddItemsToCart(BestWrappers.java:39)
	at com.bestbuy.tests.BestBuyAddItemsTest.add_Items_toCart(BestBuyAddItemsTest.java:22)
	at java.base/java.util.ArrayList.forEach(ArrayList.java:1511)
... Removed 31 stack frames</div></td></tr></table><p class="totop"><a href="#summary">back to summary</a></p>
<h3 id="m1">com.bestbuy.tests.BestBuyBottomPageTest#bottomLinkValidation</h3><table class="result"><tr><th>Exception</th></tr><tr><td><div class="stacktrace">java.lang.AssertionError
	at com.bestbuy.utils.Reports.reportStep(Reports.java:72)
	at com.bestbuy.utils.SelWrappers.jsscrollDownBottom(SelWrappers.java:643)
	at com.bestbuy.pages.BestBuyBottomLinkPage.bottomLinks(BestBuyBottomLinkPage.java:23)
	at com.bestbuy.utils.BestWrappers.bestBuyHomepageBottomLink(BestWrappers.java:33)
	at com.bestbuy.tests.BestBuyBottomPageTest.bottomLinkValidation(BestBuyBottomPageTest.java:24)
	at java.base/java.util.ArrayList.forEach(ArrayList.java:1511)
... Removed 31 stack frames</div></td></tr></table><p class="totop"><a href="#summary">back to summary</a></p>
<h3 id="m2">com.bestbuy.tests.BestBuySearch_NegativeTest#signIn_invalidCredentials</h3><table class="result"><tr><th>Exception</th></tr><tr><td><div class="stacktrace">java.lang.AssertionError
	at com.bestbuy.utils.Reports.reportStep(Reports.java:72)
	at com.bestbuy.utils.SelWrappers.chooseCountry(SelWrappers.java:833)
	at com.bestbuy.tests.BestBuySearch_NegativeTest.signIn_invalidCredentials(BestBuySearch_NegativeTest.java:22)
	at java.base/java.util.ArrayList.forEach(ArrayList.java:1511)
... Removed 31 stack frames</div></td></tr></table><p class="totop"><a href="#summary">back to summary</a></p>
<h3 id="m3">com.bestbuy.tests.BestBuySignupTest#signUpPage</h3><table class="result"><tr><th>Exception</th></tr><tr><td><div class="stacktrace">java.lang.AssertionError
	at com.bestbuy.utils.Reports.reportStep(Reports.java:72)
	at com.bestbuy.utils.SelWrappers.click(SelWrappers.java:149)
	at com.bestbuy.pages.BestBuySignUpPage.bestBuySignup(BestBuySignUpPage.java:59)
	at com.bestbuy.utils.BestWrappers.bestSignUp(BestWrappers.java:20)
	at com.bestbuy.tests.BestBuySignupTest.signUpPage(BestBuySignupTest.java:23)
	at java.base/java.util.ArrayList.forEach(ArrayList.java:1511)
... Removed 31 stack frames</div></td></tr></table><p class="totop"><a href="#summary">back to summary</a></p>
<h3 id="m4">com.bestbuy.tests.BestBuyMenuTest#menuNavigation</h3><table class="result"><tr><th class="invisible"/></tr></table><p class="totop"><a href="#summary">back to summary</a></p>
<h3 id="m5">com.bestbuy.tests.BestBuySignin_NegativeTest#signIn_invalidCredentials</h3><table class="result"><tr><th class="invisible"/></tr></table><p class="totop"><a href="#summary">back to summary</a></p>
</body>
</html>
