<?xml version="1.0" encoding="UTF-8"?>
<testng-results ignored="0" total="6" passed="2" failed="4" skipped="0">
  <reporter-output>
  </reporter-output>
  <suite started-at="2023-09-10T02:36:13 EDT" name="Suite" finished-at="2023-09-10T02:39:28 EDT" duration-ms="194762">
    <groups>
      <group name="Positive">
        <method signature="BestBuyMenuTest.menuNavigation()[pri:0, instance:com.bestbuy.tests.BestBuyMenuTest@76a4ebf2]" name="menuNavigation" class="com.bestbuy.tests.BestBuyMenuTest"/>
      </group> <!-- Positive -->
    </groups>
    <test started-at="2023-09-10T02:36:13 EDT" name="ChromeTest" finished-at="2023-09-10T02:39:28 EDT" duration-ms="194762">
      <class name="com.bestbuy.tests.BestBuyBottomPageTest">
        <test-method signature="bottomLinkValidation()[pri:0, instance:com.bestbuy.tests.BestBuyBottomPageTest@6e6f2380]" started-at="2023-09-10T02:36:55 EDT" name="bottomLinkValidation" finished-at="2023-09-10T02:37:00 EDT" duration-ms="4826" status="FAIL">
          <exception class="java.lang.AssertionError">
            <full-stacktrace>
              <![CDATA[java.lang.AssertionError
at com.bestbuy.utils.Reports.reportStep(Reports.java:72)
at com.bestbuy.utils.SelWrappers.jsscrollDownBottom(SelWrappers.java:643)
at com.bestbuy.pages.BestBuyBottomLinkPage.bottomLinks(BestBuyBottomLinkPage.java:23)
at com.bestbuy.utils.BestWrappers.bestBuyHomepageBottomLink(BestWrappers.java:33)
at com.bestbuy.tests.BestBuyBottomPageTest.bottomLinkValidation(BestBuyBottomPageTest.java:24)
at java.base/jdk.internal.reflect.NativeMethodAccessorImpl.invoke0(Native Method)
at java.base/jdk.internal.reflect.NativeMethodAccessorImpl.invoke(NativeMethodAccessorImpl.java:77)
at java.base/jdk.internal.reflect.DelegatingMethodAccessorImpl.invoke(DelegatingMethodAccessorImpl.java:43)
at java.base/java.lang.reflect.Method.invoke(Method.java:568)
at org.testng.internal.invokers.MethodInvocationHelper.invokeMethod(MethodInvocationHelper.java:139)
at org.testng.internal.invokers.TestInvoker.invokeMethod(TestInvoker.java:677)
at org.testng.internal.invokers.TestInvoker.invokeTestMethod(TestInvoker.java:221)
at org.testng.internal.invokers.MethodRunner.runInSequence(MethodRunner.java:50)
at org.testng.internal.invokers.TestInvoker$MethodInvocationAgent.invoke(TestInvoker.java:969)
at org.testng.internal.invokers.TestInvoker.invokeTestMethods(TestInvoker.java:194)
at org.testng.internal.invokers.TestMethodWorker.invokeTestMethods(TestMethodWorker.java:148)
at org.testng.internal.invokers.TestMethodWorker.run(TestMethodWorker.java:128)
at java.base/java.util.ArrayList.forEach(ArrayList.java:1511)
at org.testng.TestRunner.privateRun(TestRunner.java:829)
at org.testng.TestRunner.run(TestRunner.java:602)
at org.testng.SuiteRunner.runTest(SuiteRunner.java:437)
at org.testng.SuiteRunner.runSequentially(SuiteRunner.java:431)
at org.testng.SuiteRunner.privateRun(SuiteRunner.java:391)
at org.testng.SuiteRunner.run(SuiteRunner.java:330)
at org.testng.SuiteRunnerWorker.runSuite(SuiteRunnerWorker.java:52)
at org.testng.SuiteRunnerWorker.run(SuiteRunnerWorker.java:95)
at org.testng.TestNG.runSuitesSequentially(TestNG.java:1256)
at org.testng.TestNG.runSuitesLocally(TestNG.java:1176)
at org.testng.TestNG.runSuites(TestNG.java:1099)
at org.testng.TestNG.run(TestNG.java:1067)
at org.apache.maven.surefire.testng.TestNGExecutor.run(TestNGExecutor.java:308)
at org.apache.maven.surefire.testng.TestNGXmlTestSuite.execute(TestNGXmlTestSuite.java:71)
at org.apache.maven.surefire.testng.TestNGProvider.invoke(TestNGProvider.java:113)
at org.apache.maven.surefire.booter.ForkedBooter.runSuitesInProcess(ForkedBooter.java:385)
at org.apache.maven.surefire.booter.ForkedBooter.execute(ForkedBooter.java:162)
at org.apache.maven.surefire.booter.ForkedBooter.run(ForkedBooter.java:507)
at org.apache.maven.surefire.booter.ForkedBooter.main(ForkedBooter.java:495)
]]>
            </full-stacktrace>
          </exception> <!-- java.lang.AssertionError -->
          <reporter-output>
          </reporter-output>
        </test-method> <!-- bottomLinkValidation -->
        <test-method is-config="true" signature="setUp(java.lang.String)[pri:0, instance:com.bestbuy.tests.BestBuyBottomPageTest@6e6f2380]" started-at="2023-09-10T02:36:55 EDT" name="setUp" finished-at="2023-09-10T02:36:55 EDT" duration-ms="0" status="PASS">
          <params>
            <param index="0">
              <value>
                <![CDATA[chrome]]>
              </value>
            </param>
          </params>
          <reporter-output>
          </reporter-output>
        </test-method> <!-- setUp -->
        <test-method is-config="true" signature="closeBrowser()[pri:0, instance:com.bestbuy.tests.BestBuyBottomPageTest@6e6f2380]" started-at="2023-09-10T02:37:00 EDT" name="closeBrowser" finished-at="2023-09-10T02:37:00 EDT" duration-ms="163" status="PASS">
          <reporter-output>
          </reporter-output>
        </test-method> <!-- closeBrowser -->
      </class> <!-- com.bestbuy.tests.BestBuyBottomPageTest -->
      <class name="com.bestbuy.tests.BestBuySignin_NegativeTest">
        <test-method is-config="true" signature="setUp(java.lang.String)[pri:0, instance:com.bestbuy.tests.BestBuySignin_NegativeTest@53fe15ff]" started-at="2023-09-10T02:38:11 EDT" name="setUp" finished-at="2023-09-10T02:38:11 EDT" duration-ms="2" status="PASS">
          <params>
            <param index="0">
              <value>
                <![CDATA[chrome]]>
              </value>
            </param>
          </params>
          <reporter-output>
          </reporter-output>
        </test-method> <!-- setUp -->
        <test-method signature="signIn_invalidCredentials()[pri:0, instance:com.bestbuy.tests.BestBuySignin_NegativeTest@53fe15ff]" started-at="2023-09-10T02:38:11 EDT" name="signIn_invalidCredentials" finished-at="2023-09-10T02:39:13 EDT" duration-ms="62638" status="PASS">
          <reporter-output>
          </reporter-output>
        </test-method> <!-- signIn_invalidCredentials -->
      </class> <!-- com.bestbuy.tests.BestBuySignin_NegativeTest -->
      <class name="com.bestbuy.tests.BestBuySignupTest">
        <test-method is-config="true" signature="setUp(java.lang.String)[pri:0, instance:com.bestbuy.tests.BestBuySignupTest@26d9b808]" started-at="2023-09-10T02:36:13 EDT" name="setUp" finished-at="2023-09-10T02:36:13 EDT" duration-ms="7" status="PASS">
          <params>
            <param index="0">
              <value>
                <![CDATA[chrome]]>
              </value>
            </param>
          </params>
          <reporter-output>
          </reporter-output>
        </test-method> <!-- setUp -->
        <test-method signature="signUpPage()[pri:0, instance:com.bestbuy.tests.BestBuySignupTest@26d9b808]" started-at="2023-09-10T02:36:13 EDT" name="signUpPage" finished-at="2023-09-10T02:36:55 EDT" duration-ms="41659" status="FAIL">
          <exception class="java.lang.AssertionError">
            <full-stacktrace>
              <![CDATA[java.lang.AssertionError
at com.bestbuy.utils.Reports.reportStep(Reports.java:72)
at com.bestbuy.utils.SelWrappers.click(SelWrappers.java:149)
at com.bestbuy.pages.BestBuySignUpPage.bestBuySignup(BestBuySignUpPage.java:59)
at com.bestbuy.utils.BestWrappers.bestSignUp(BestWrappers.java:20)
at com.bestbuy.tests.BestBuySignupTest.signUpPage(BestBuySignupTest.java:23)
at java.base/jdk.internal.reflect.NativeMethodAccessorImpl.invoke0(Native Method)
at java.base/jdk.internal.reflect.NativeMethodAccessorImpl.invoke(NativeMethodAccessorImpl.java:77)
at java.base/jdk.internal.reflect.DelegatingMethodAccessorImpl.invoke(DelegatingMethodAccessorImpl.java:43)
at java.base/java.lang.reflect.Method.invoke(Method.java:568)
at org.testng.internal.invokers.MethodInvocationHelper.invokeMethod(MethodInvocationHelper.java:139)
at org.testng.internal.invokers.TestInvoker.invokeMethod(TestInvoker.java:677)
at org.testng.internal.invokers.TestInvoker.invokeTestMethod(TestInvoker.java:221)
at org.testng.internal.invokers.MethodRunner.runInSequence(MethodRunner.java:50)
at org.testng.internal.invokers.TestInvoker$MethodInvocationAgent.invoke(TestInvoker.java:969)
at org.testng.internal.invokers.TestInvoker.invokeTestMethods(TestInvoker.java:194)
at org.testng.internal.invokers.TestMethodWorker.invokeTestMethods(TestMethodWorker.java:148)
at org.testng.internal.invokers.TestMethodWorker.run(TestMethodWorker.java:128)
at java.base/java.util.ArrayList.forEach(ArrayList.java:1511)
at org.testng.TestRunner.privateRun(TestRunner.java:829)
at org.testng.TestRunner.run(TestRunner.java:602)
at org.testng.SuiteRunner.runTest(SuiteRunner.java:437)
at org.testng.SuiteRunner.runSequentially(SuiteRunner.java:431)
at org.testng.SuiteRunner.privateRun(SuiteRunner.java:391)
at org.testng.SuiteRunner.run(SuiteRunner.java:330)
at org.testng.SuiteRunnerWorker.runSuite(SuiteRunnerWorker.java:52)
at org.testng.SuiteRunnerWorker.run(SuiteRunnerWorker.java:95)
at org.testng.TestNG.runSuitesSequentially(TestNG.java:1256)
at org.testng.TestNG.runSuitesLocally(TestNG.java:1176)
at org.testng.TestNG.runSuites(TestNG.java:1099)
at org.testng.TestNG.run(TestNG.java:1067)
at org.apache.maven.surefire.testng.TestNGExecutor.run(TestNGExecutor.java:308)
at org.apache.maven.surefire.testng.TestNGXmlTestSuite.execute(TestNGXmlTestSuite.java:71)
at org.apache.maven.surefire.testng.TestNGProvider.invoke(TestNGProvider.java:113)
at org.apache.maven.surefire.booter.ForkedBooter.runSuitesInProcess(ForkedBooter.java:385)
at org.apache.maven.surefire.booter.ForkedBooter.execute(ForkedBooter.java:162)
at org.apache.maven.surefire.booter.ForkedBooter.run(ForkedBooter.java:507)
at org.apache.maven.surefire.booter.ForkedBooter.main(ForkedBooter.java:495)
]]>
            </full-stacktrace>
          </exception> <!-- java.lang.AssertionError -->
          <reporter-output>
          </reporter-output>
        </test-method> <!-- signUpPage -->
        <test-method is-config="true" signature="closeBrowsers()[pri:0, instance:com.bestbuy.tests.BestBuySignupTest@26d9b808]" started-at="2023-09-10T02:36:55 EDT" name="closeBrowsers" finished-at="2023-09-10T02:36:55 EDT" duration-ms="127" status="PASS">
          <reporter-output>
          </reporter-output>
        </test-method> <!-- closeBrowsers -->
      </class> <!-- com.bestbuy.tests.BestBuySignupTest -->
      <class name="com.bestbuy.tests.BestBuySearch_NegativeTest">
        <test-method is-config="true" signature="setUp(java.lang.String)[pri:0, instance:com.bestbuy.tests.BestBuySearch_NegativeTest@449a4f23]" started-at="2023-09-10T02:39:13 EDT" name="setUp" finished-at="2023-09-10T02:39:13 EDT" duration-ms="0" status="PASS">
          <params>
            <param index="0">
              <value>
                <![CDATA[chrome]]>
              </value>
            </param>
          </params>
          <reporter-output>
          </reporter-output>
        </test-method> <!-- setUp -->
        <test-method signature="signIn_invalidCredentials()[pri:0, instance:com.bestbuy.tests.BestBuySearch_NegativeTest@449a4f23]" started-at="2023-09-10T02:39:13 EDT" name="signIn_invalidCredentials" finished-at="2023-09-10T02:39:28 EDT" duration-ms="14572" status="FAIL">
          <exception class="java.lang.AssertionError">
            <full-stacktrace>
              <![CDATA[java.lang.AssertionError
at com.bestbuy.utils.Reports.reportStep(Reports.java:72)
at com.bestbuy.utils.SelWrappers.chooseCountry(SelWrappers.java:833)
at com.bestbuy.tests.BestBuySearch_NegativeTest.signIn_invalidCredentials(BestBuySearch_NegativeTest.java:22)
at java.base/jdk.internal.reflect.NativeMethodAccessorImpl.invoke0(Native Method)
at java.base/jdk.internal.reflect.NativeMethodAccessorImpl.invoke(NativeMethodAccessorImpl.java:77)
at java.base/jdk.internal.reflect.DelegatingMethodAccessorImpl.invoke(DelegatingMethodAccessorImpl.java:43)
at java.base/java.lang.reflect.Method.invoke(Method.java:568)
at org.testng.internal.invokers.MethodInvocationHelper.invokeMethod(MethodInvocationHelper.java:139)
at org.testng.internal.invokers.TestInvoker.invokeMethod(TestInvoker.java:677)
at org.testng.internal.invokers.TestInvoker.invokeTestMethod(TestInvoker.java:221)
at org.testng.internal.invokers.MethodRunner.runInSequence(MethodRunner.java:50)
at org.testng.internal.invokers.TestInvoker$MethodInvocationAgent.invoke(TestInvoker.java:969)
at org.testng.internal.invokers.TestInvoker.invokeTestMethods(TestInvoker.java:194)
at org.testng.internal.invokers.TestMethodWorker.invokeTestMethods(TestMethodWorker.java:148)
at org.testng.internal.invokers.TestMethodWorker.run(TestMethodWorker.java:128)
at java.base/java.util.ArrayList.forEach(ArrayList.java:1511)
at org.testng.TestRunner.privateRun(TestRunner.java:829)
at org.testng.TestRunner.run(TestRunner.java:602)
at org.testng.SuiteRunner.runTest(SuiteRunner.java:437)
at org.testng.SuiteRunner.runSequentially(SuiteRunner.java:431)
at org.testng.SuiteRunner.privateRun(SuiteRunner.java:391)
at org.testng.SuiteRunner.run(SuiteRunner.java:330)
at org.testng.SuiteRunnerWorker.runSuite(SuiteRunnerWorker.java:52)
at org.testng.SuiteRunnerWorker.run(SuiteRunnerWorker.java:95)
at org.testng.TestNG.runSuitesSequentially(TestNG.java:1256)
at org.testng.TestNG.runSuitesLocally(TestNG.java:1176)
at org.testng.TestNG.runSuites(TestNG.java:1099)
at org.testng.TestNG.run(TestNG.java:1067)
at org.apache.maven.surefire.testng.TestNGExecutor.run(TestNGExecutor.java:308)
at org.apache.maven.surefire.testng.TestNGXmlTestSuite.execute(TestNGXmlTestSuite.java:71)
at org.apache.maven.surefire.testng.TestNGProvider.invoke(TestNGProvider.java:113)
at org.apache.maven.surefire.booter.ForkedBooter.runSuitesInProcess(ForkedBooter.java:385)
at org.apache.maven.surefire.booter.ForkedBooter.execute(ForkedBooter.java:162)
at org.apache.maven.surefire.booter.ForkedBooter.run(ForkedBooter.java:507)
at org.apache.maven.surefire.booter.ForkedBooter.main(ForkedBooter.java:495)
]]>
            </full-stacktrace>
          </exception> <!-- java.lang.AssertionError -->
          <reporter-output>
          </reporter-output>
        </test-method> <!-- signIn_invalidCredentials -->
      </class> <!-- com.bestbuy.tests.BestBuySearch_NegativeTest -->
      <class name="com.bestbuy.tests.BestBuyMenuTest">
        <test-method is-config="true" signature="setUp(java.lang.String)[pri:0, instance:com.bestbuy.tests.BestBuyMenuTest@76a4ebf2]" started-at="2023-09-10T02:37:00 EDT" name="setUp" finished-at="2023-09-10T02:37:00 EDT" duration-ms="0" status="PASS">
          <params>
            <param index="0">
              <value>
                <![CDATA[chrome]]>
              </value>
            </param>
          </params>
          <reporter-output>
          </reporter-output>
        </test-method> <!-- setUp -->
        <test-method signature="menuNavigation()[pri:0, instance:com.bestbuy.tests.BestBuyMenuTest@76a4ebf2]" started-at="2023-09-10T02:37:00 EDT" name="menuNavigation" finished-at="2023-09-10T02:37:45 EDT" duration-ms="45337" status="PASS">
          <reporter-output>
          </reporter-output>
        </test-method> <!-- menuNavigation -->
        <test-method is-config="true" signature="closeBrowser()[pri:0, instance:com.bestbuy.tests.BestBuyMenuTest@76a4ebf2]" started-at="2023-09-10T02:37:45 EDT" name="closeBrowser" finished-at="2023-09-10T02:37:46 EDT" duration-ms="241" status="PASS">
          <reporter-output>
          </reporter-output>
        </test-method> <!-- closeBrowser -->
      </class> <!-- com.bestbuy.tests.BestBuyMenuTest -->
      <class name="com.bestbuy.utils.Reports">
        <test-method is-config="true" signature="startReport()[pri:0, instance:com.bestbuy.utils.Reports@15bb5034]" started-at="2023-09-10T02:36:13 EDT" name="startReport" finished-at="2023-09-10T02:36:13 EDT" duration-ms="208" status="PASS">
          <reporter-output>
          </reporter-output>
        </test-method> <!-- startReport -->
        <test-method is-config="true" signature="endReport()[pri:0, instance:com.bestbuy.utils.Reports@15bb5034]" started-at="2023-09-10T02:39:28 EDT" name="endReport" finished-at="2023-09-10T02:39:28 EDT" duration-ms="288" status="PASS">
          <reporter-output>
          </reporter-output>
        </test-method> <!-- endReport -->
      </class> <!-- com.bestbuy.utils.Reports -->
      <class name="com.bestbuy.tests.BestBuyAddItemsTest">
        <test-method is-config="true" signature="setUp(java.lang.String)[pri:0, instance:com.bestbuy.tests.BestBuyAddItemsTest@2e8c1c9b]" started-at="2023-09-10T02:37:46 EDT" name="setUp" finished-at="2023-09-10T02:37:46 EDT" duration-ms="1" status="PASS">
          <params>
            <param index="0">
              <value>
                <![CDATA[chrome]]>
              </value>
            </param>
          </params>
          <reporter-output>
          </reporter-output>
        </test-method> <!-- setUp -->
        <test-method signature="add_Items_toCart()[pri:0, instance:com.bestbuy.tests.BestBuyAddItemsTest@2e8c1c9b]" started-at="2023-09-10T02:37:46 EDT" name="add_Items_toCart" finished-at="2023-09-10T02:38:11 EDT" duration-ms="24990" status="FAIL">
          <exception class="java.lang.AssertionError">
            <full-stacktrace>
              <![CDATA[java.lang.AssertionError
at com.bestbuy.utils.Reports.reportStep(Reports.java:72)
at com.bestbuy.utils.SelWrappers.typeText(SelWrappers.java:129)
at com.bestbuy.pages.BestBuyAddItemsPage.searchAndAddItems(BestBuyAddItemsPage.java:128)
at com.bestbuy.utils.BestWrappers.bestBuyAddItemsToCart(BestWrappers.java:39)
at com.bestbuy.tests.BestBuyAddItemsTest.add_Items_toCart(BestBuyAddItemsTest.java:22)
at java.base/jdk.internal.reflect.NativeMethodAccessorImpl.invoke0(Native Method)
at java.base/jdk.internal.reflect.NativeMethodAccessorImpl.invoke(NativeMethodAccessorImpl.java:77)
at java.base/jdk.internal.reflect.DelegatingMethodAccessorImpl.invoke(DelegatingMethodAccessorImpl.java:43)
at java.base/java.lang.reflect.Method.invoke(Method.java:568)
at org.testng.internal.invokers.MethodInvocationHelper.invokeMethod(MethodInvocationHelper.java:139)
at org.testng.internal.invokers.TestInvoker.invokeMethod(TestInvoker.java:677)
at org.testng.internal.invokers.TestInvoker.invokeTestMethod(TestInvoker.java:221)
at org.testng.internal.invokers.MethodRunner.runInSequence(MethodRunner.java:50)
at org.testng.internal.invokers.TestInvoker$MethodInvocationAgent.invoke(TestInvoker.java:969)
at org.testng.internal.invokers.TestInvoker.invokeTestMethods(TestInvoker.java:194)
at org.testng.internal.invokers.TestMethodWorker.invokeTestMethods(TestMethodWorker.java:148)
at org.testng.internal.invokers.TestMethodWorker.run(TestMethodWorker.java:128)
at java.base/java.util.ArrayList.forEach(ArrayList.java:1511)
at org.testng.TestRunner.privateRun(TestRunner.java:829)
at org.testng.TestRunner.run(TestRunner.java:602)
at org.testng.SuiteRunner.runTest(SuiteRunner.java:437)
at org.testng.SuiteRunner.runSequentially(SuiteRunner.java:431)
at org.testng.SuiteRunner.privateRun(SuiteRunner.java:391)
at org.testng.SuiteRunner.run(SuiteRunner.java:330)
at org.testng.SuiteRunnerWorker.runSuite(SuiteRunnerWorker.java:52)
at org.testng.SuiteRunnerWorker.run(SuiteRunnerWorker.java:95)
at org.testng.TestNG.runSuitesSequentially(TestNG.java:1256)
at org.testng.TestNG.runSuitesLocally(TestNG.java:1176)
at org.testng.TestNG.runSuites(TestNG.java:1099)
at org.testng.TestNG.run(TestNG.java:1067)
at org.apache.maven.surefire.testng.TestNGExecutor.run(TestNGExecutor.java:308)
at org.apache.maven.surefire.testng.TestNGXmlTestSuite.execute(TestNGXmlTestSuite.java:71)
at org.apache.maven.surefire.testng.TestNGProvider.invoke(TestNGProvider.java:113)
at org.apache.maven.surefire.booter.ForkedBooter.runSuitesInProcess(ForkedBooter.java:385)
at org.apache.maven.surefire.booter.ForkedBooter.execute(ForkedBooter.java:162)
at org.apache.maven.surefire.booter.ForkedBooter.run(ForkedBooter.java:507)
at org.apache.maven.surefire.booter.ForkedBooter.main(ForkedBooter.java:495)
]]>
            </full-stacktrace>
          </exception> <!-- java.lang.AssertionError -->
          <reporter-output>
          </reporter-output>
        </test-method> <!-- add_Items_toCart -->
        <test-method is-config="true" signature="clossBrowser()[pri:0, instance:com.bestbuy.tests.BestBuyAddItemsTest@2e8c1c9b]" started-at="2023-09-10T02:38:11 EDT" name="clossBrowser" finished-at="2023-09-10T02:38:11 EDT" duration-ms="130" status="PASS">
          <reporter-output>
          </reporter-output>
        </test-method> <!-- clossBrowser -->
      </class> <!-- com.bestbuy.tests.BestBuyAddItemsTest -->
    </test> <!-- ChromeTest -->
  </suite> <!-- Suite -->
</testng-results>
